Array
(
)
Array
(
)
Array
(
)
Array
(
)
Array
(
    [module_files] => Array
        (
            [name] => Array
                (
                    [0] => mod_68bf6fd9eed630.63799689_mod_68a81bada11a81.95503453_mod_68a80e9325eb74.79506166_mod_68a804e0a74bb5.73820018_mod_68940f7b7e5a75.36605703_JF96E7142511.pdf
                    [1] => 456.mp4
                    [2] => 789.mp4
                )

            [full_path] => Array
                (
                    [0] => mod_68bf6fd9eed630.63799689_mod_68a81bada11a81.95503453_mod_68a80e9325eb74.79506166_mod_68a804e0a74bb5.73820018_mod_68940f7b7e5a75.36605703_JF96E7142511.pdf
                    [1] => 456.mp4
                    [2] => 789.mp4
                )

            [type] => Array
                (
                    [0] => application/pdf
                    [1] => video/mp4
                    [2] => video/mp4
                )

            [tmp_name] => Array
                (
                    [0] => /volume1/@tmp/phpGUT1Vb
                    [1] => /volume1/@tmp/phprISgF3
                    [2] => /volume1/@tmp/phpd42KFN
                )

            [error] => Array
                (
                    [0] => 0
                    [1] => 0
                    [2] => 0
                )

            [size] => Array
                (
                    [0] => 345521
                    [1] => 14809155
                    [2] => 14809155
                )

        )

)
Array
(
    [course_add] => 1
    [course_action] => add
    [title] => gdfgdfg
    [description] => dfg
    [module_titles] => Array
        (
            [0] => 1
            [1] => 3
            [2] => 4
        )

    [module_descriptions] => Array
        (
            [0] => 
            [1] => 
            [2] => 
        )

    [module_file_names] => Array
        (
            [0] => mod_68bf6fd9eed630.63799689_mod_68a81bada11a81.95503453_mod_68a80e9325eb74.79506166_mod_68a804e0a74bb5.73820018_mod_68940f7b7e5a75.36605703_JF96E7142511.pdf
            [1] => 456.mp4
            [2] => 789.mp4
        )

)
Array
(
)
Array
(
)
Array
(
)
Array
(
)
